make: Entering directory '/home/omrip/ex4_ws/build'
/usr/bin/cmake -S/home/omrip/ex4_ws -B/home/omrip/ex4_ws/build --check-build-system CMakeFiles/Makefile.cmake 0
/usr/bin/cmake -E cmake_progress_start /home/omrip/ex4_ws/build/CMakeFiles /home/omrip/ex4_ws/build//CMakeFiles/progress.marks
make  -f CMakeFiles/Makefile2 all
make[1]: Entering directory '/home/omrip/ex4_ws/build'
make  -f controllers/CMakeFiles/foraging_controllers_autogen.dir/build.make controllers/CMakeFiles/foraging_controllers_autogen.dir/depend
make[2]: Entering directory '/home/omrip/ex4_ws/build'
cd /home/omrip/ex4_ws/build && /usr/bin/cmake -E cmake_depends "Unix Makefiles" /home/omrip/ex4_ws /home/omrip/ex4_ws/controllers /home/omrip/ex4_ws/build /home/omrip/ex4_ws/build/controllers /home/omrip/ex4_ws/build/controllers/CMakeFiles/foraging_controllers_autogen.dir/DependInfo.cmake --color=
make[2]: Leaving directory '/home/omrip/ex4_ws/build'
make  -f controllers/CMakeFiles/foraging_controllers_autogen.dir/build.make controllers/CMakeFiles/foraging_controllers_autogen.dir/build
make[2]: Entering directory '/home/omrip/ex4_ws/build'
[  9%] Automatic MOC for target foraging_controllers
cd /home/omrip/ex4_ws/build/controllers && /usr/bin/cmake -E cmake_autogen /home/omrip/ex4_ws/build/controllers/CMakeFiles/foraging_controllers_autogen.dir/AutogenInfo.json Release
make[2]: Leaving directory '/home/omrip/ex4_ws/build'
[  9%] Built target foraging_controllers_autogen
make  -f controllers/CMakeFiles/foraging_controllers.dir/build.make controllers/CMakeFiles/foraging_controllers.dir/depend
make[2]: Entering directory '/home/omrip/ex4_ws/build'
cd /home/omrip/ex4_ws/build && /usr/bin/cmake -E cmake_depends "Unix Makefiles" /home/omrip/ex4_ws /home/omrip/ex4_ws/controllers /home/omrip/ex4_ws/build /home/omrip/ex4_ws/build/controllers /home/omrip/ex4_ws/build/controllers/CMakeFiles/foraging_controllers.dir/DependInfo.cmake --color=
make[2]: Leaving directory '/home/omrip/ex4_ws/build'
make  -f controllers/CMakeFiles/foraging_controllers.dir/build.make controllers/CMakeFiles/foraging_controllers.dir/build
make[2]: Entering directory '/home/omrip/ex4_ws/build'
make[2]: Nothing to be done for 'controllers/CMakeFiles/foraging_controllers.dir/build'.
make[2]: Leaving directory '/home/omrip/ex4_ws/build'
[ 54%] Built target foraging_controllers
make  -f loop_functions/CMakeFiles/foraging_loop_functions_autogen.dir/build.make loop_functions/CMakeFiles/foraging_loop_functions_autogen.dir/depend
make[2]: Entering directory '/home/omrip/ex4_ws/build'
cd /home/omrip/ex4_ws/build && /usr/bin/cmake -E cmake_depends "Unix Makefiles" /home/omrip/ex4_ws /home/omrip/ex4_ws/loop_functions /home/omrip/ex4_ws/build /home/omrip/ex4_ws/build/loop_functions /home/omrip/ex4_ws/build/loop_functions/CMakeFiles/foraging_loop_functions_autogen.dir/DependInfo.cmake --color=
make[2]: Leaving directory '/home/omrip/ex4_ws/build'
make  -f loop_functions/CMakeFiles/foraging_loop_functions_autogen.dir/build.make loop_functions/CMakeFiles/foraging_loop_functions_autogen.dir/build
make[2]: Entering directory '/home/omrip/ex4_ws/build'
[ 63%] Automatic MOC for target foraging_loop_functions
cd /home/omrip/ex4_ws/build/loop_functions && /usr/bin/cmake -E cmake_autogen /home/omrip/ex4_ws/build/loop_functions/CMakeFiles/foraging_loop_functions_autogen.dir/AutogenInfo.json Release
make[2]: Leaving directory '/home/omrip/ex4_ws/build'
[ 63%] Built target foraging_loop_functions_autogen
make  -f loop_functions/CMakeFiles/foraging_loop_functions.dir/build.make loop_functions/CMakeFiles/foraging_loop_functions.dir/depend
make[2]: Entering directory '/home/omrip/ex4_ws/build'
cd /home/omrip/ex4_ws/build && /usr/bin/cmake -E cmake_depends "Unix Makefiles" /home/omrip/ex4_ws /home/omrip/ex4_ws/loop_functions /home/omrip/ex4_ws/build /home/omrip/ex4_ws/build/loop_functions /home/omrip/ex4_ws/build/loop_functions/CMakeFiles/foraging_loop_functions.dir/DependInfo.cmake --color=
make[2]: Leaving directory '/home/omrip/ex4_ws/build'
make  -f loop_functions/CMakeFiles/foraging_loop_functions.dir/build.make loop_functions/CMakeFiles/foraging_loop_functions.dir/build
make[2]: Entering directory '/home/omrip/ex4_ws/build'
[ 72%] Building CXX object loop_functions/CMakeFiles/foraging_loop_functions.dir/qt_functions.cpp.o
cd /home/omrip/ex4_ws/build/loop_functions && /usr/bin/c++ -DGL_SILENCE_DEPRECATION -Dforaging_loop_functions_EXPORTS -I/home/omrip/ex4_ws/build/loop_functions -I/home/omrip/ex4_ws/loop_functions -I/home/omrip/ex4_ws/build/loop_functions/foraging_loop_functions_autogen/include -I/usr/include/Headers -I/usr/include/x86_64-linux-gnu/qt5 -I/usr/include/x86_64-linux-gnu/qt5/QtWidgets -I/usr/include/x86_64-linux-gnu/qt5/QtGui -I/usr/include/x86_64-linux-gnu/qt5/QtCore -I/usr/lib/x86_64-linux-gnu/qt5/mkspecs/linux-g++ -I/home/omrip/ex4_ws/controllers -O3 -DNDEBUG -fPIC -std=gnu++17 -MD -MT loop_functions/CMakeFiles/foraging_loop_functions.dir/qt_functions.cpp.o -MF CMakeFiles/foraging_loop_functions.dir/qt_functions.cpp.o.d -o CMakeFiles/foraging_loop_functions.dir/qt_functions.cpp.o -c /home/omrip/ex4_ws/loop_functions/qt_functions.cpp
make[2]: Leaving directory '/home/omrip/ex4_ws/build'
make[1]: Leaving directory '/home/omrip/ex4_ws/build'
make: Leaving directory '/home/omrip/ex4_ws/build'
